2025-12-27T15:08:39.801366600 - Application started
2025-12-27T15:08:39.815360400 - Error: ArithmeticException - / by zero
2025-12-27T15:08:39.817357100 - Application ended
2025-12-27T15:21:44.967297 - Application started
2025-12-27T15:21:44.996287400 - Error: FileNotFoundException - data\input.txt (The system cannot find the path specified)
2025-12-27T15:21:44.998286400 - Application ended
2025-12-27T15:37:59.025123400 - Application started
2025-12-27T15:37:59.054780900 - Error: SQLException - No suitable driver found for jdbc:mysql://localhost:3306/nonexistentdb
2025-12-27T15:37:59.061776100 - Application ended
{"timestamp":"2025-12-27T16:09:39.027320900","level":"INFO","component":"APP","message":"Application started"}
{"timestamp":"2025-12-27T16:09:39.062302700","level":"ERROR","component":"DATABASE","message":"No suitable driver found for jdbc:mysql://localhost:3306/nonexistentdb"}
{"timestamp":"2025-12-27T16:09:39.063293500","level":"INFO","component":"APP","message":"Application ended"}
{"timestamp":"2025-12-27T16:10:33.014407200","level":"INFO","component":"APP","message":"Application started"}
{"timestamp":"2025-12-27T16:10:33.042390800","level":"ERROR","component":"DATABASE","message":"No suitable driver found for jdbc:mysql://localhost:3306/nonexistentdb"}
{"timestamp":"2025-12-27T16:10:33.043396100","level":"INFO","component":"APP","message":"Application ended"}
{"timestamp":"2025-12-27T16:39:31.676820200","level":"INFO","component":"APP","message":"Application started"}
{"timestamp":"2025-12-27T16:39:31.711802200","level":"INFO","component":"DATABASE","message":"DB connrction attempt1"}
{"timestamp":"2025-12-27T16:39:31.730801200","level":"ERROR","component":"DATABASE","message":"ATTEMPT1DB connection failed on attempt No suitable driver found for jdbc:mysql://localhost:3306/nonexistentdb"}
{"timestamp":"2025-12-27T16:39:31.731788700","level":"INFO","component":"DATABASE","message":"DB connrction attempt2"}
{"timestamp":"2025-12-27T16:39:31.732790100","level":"ERROR","component":"DATABASE","message":"ATTEMPT2DB connection failed on attempt No suitable driver found for jdbc:mysql://localhost:3306/nonexistentdb"}
{"timestamp":"2025-12-27T16:39:31.732790100","level":"INFO","component":"DATABASE","message":"DB connrction attempt3"}
{"timestamp":"2025-12-27T16:39:31.733788800","level":"ERROR","component":"DATABASE","message":"ATTEMPT3DB connection failed on attempt No suitable driver found for jdbc:mysql://localhost:3306/nonexistentdb"}
{"timestamp":"2025-12-27T16:39:31.734790400","level":"ERROR","component":"DATABASE","message":"All retry attempts failed"}
{"timestamp":"2025-12-27T16:39:31.734790400","level":"INFO","component":"APP","message":"Execution completed successfully"}
{"timestamp":"2025-12-27T16:39:31.735787800","level":"INFO","component":"APP","message":"Application ended"}
